Vivado Simulator 2019.2
Time resolution is 1 ps
Note: ********************************************************************************
Time: 24 ns  Iteration: 1  Process: /rsa_accelerator_tb/testcase_control  File: /home/aleksw/NTNU/First_Year/DDS/Project/tfe4141_rsa_integration_kit_2020_quad_core/RSA_accelerator/testbench/rsa_accelerator_tb.vhd
Note: STARTING NEW TESTCASE
Time: 24 ns  Iteration: 1  Process: /rsa_accelerator_tb/testcase_control  File: /home/aleksw/NTNU/First_Year/DDS/Project/tfe4141_rsa_integration_kit_2020_quad_core/RSA_accelerator/testbench/rsa_accelerator_tb.vhd
Note: ********************************************************************************
Time: 24 ns  Iteration: 1  Process: /rsa_accelerator_tb/testcase_control  File: /home/aleksw/NTNU/First_Year/DDS/Project/tfe4141_rsa_integration_kit_2020_quad_core/RSA_accelerator/testbench/rsa_accelerator_tb.vhd
Note: DRIVE NEW MSGIN_DATA[0000] RTL: 85EE722363960779206A2B37CC8B64B5FC12A934473FA0204BBAAF714BC90C01
Time: 48 ns  Iteration: 1  Process: /rsa_accelerator_tb/msgin_bfm  File: /home/aleksw/NTNU/First_Year/DDS/Project/tfe4141_rsa_integration_kit_2020_quad_core/RSA_accelerator/testbench/rsa_accelerator_tb.vhd
Note: DRIVE NEW MSGIN_DATA[0001] RTL: 08F9BAF32E8505CBC9A28FED4D5791DCE46508C3D1636232BF91F5D0B6632A9F
Time: 84 ns  Iteration: 1  Process: /rsa_accelerator_tb/msgin_bfm  File: /home/aleksw/NTNU/First_Year/DDS/Project/tfe4141_rsa_integration_kit_2020_quad_core/RSA_accelerator/testbench/rsa_accelerator_tb.vhd
Note: DRIVE NEW MSGIN_DATA[0002] RTL: 81CA80617856C964E2F92DDE82841CC7CE81210F56BF18A32D2EE2ADA64586D6
Time: 132 ns  Iteration: 1  Process: /rsa_accelerator_tb/msgin_bfm  File: /home/aleksw/NTNU/First_Year/DDS/Project/tfe4141_rsa_integration_kit_2020_quad_core/RSA_accelerator/testbench/rsa_accelerator_tb.vhd
Note: DRIVE NEW MSGIN_DATA[0003] RTL: 805974EFD1C6E0D32AD06D3F86168D991B6DE12371BE881E903C562C2EBEDE8E
Time: 216 ns  Iteration: 1  Process: /rsa_accelerator_tb/msgin_bfm  File: /home/aleksw/NTNU/First_Year/DDS/Project/tfe4141_rsa_integration_kit_2020_quad_core/RSA_accelerator/testbench/rsa_accelerator_tb.vhd
Note: DRIVE NEW MSGIN_DATA[0004] RTL: 542D2D11FADFEA7FF5C886164051E8F8B1EFA9AA844412F3A36088F2F60C42E9
Time: 288 ns  Iteration: 1  Process: /rsa_accelerator_tb/msgin_bfm  File: /home/aleksw/NTNU/First_Year/DDS/Project/tfe4141_rsa_integration_kit_2020_quad_core/RSA_accelerator/testbench/rsa_accelerator_tb.vhd
Note: ********************************************************************************
Time: 24 ns  Iteration: 1  Process: /rsa_accelerator_tb/testcase_control  File: /home/aleksw/NTNU/First_Year/DDS/Project/tfe4141_rsa_integration_kit_2020_quad_core/RSA_accelerator/testbench/rsa_accelerator_tb.vhd
Note: STARTING NEW TESTCASE
Time: 24 ns  Iteration: 1  Process: /rsa_accelerator_tb/testcase_control  File: /home/aleksw/NTNU/First_Year/DDS/Project/tfe4141_rsa_integration_kit_2020_quad_core/RSA_accelerator/testbench/rsa_accelerator_tb.vhd
Note: ********************************************************************************
Time: 24 ns  Iteration: 1  Process: /rsa_accelerator_tb/testcase_control  File: /home/aleksw/NTNU/First_Year/DDS/Project/tfe4141_rsa_integration_kit_2020_quad_core/RSA_accelerator/testbench/rsa_accelerator_tb.vhd
Note: DRIVE NEW MSGIN_DATA[0000] RTL: 85EE722363960779206A2B37CC8B64B5FC12A934473FA0204BBAAF714BC90C01
Time: 48 ns  Iteration: 1  Process: /rsa_accelerator_tb/msgin_bfm  File: /home/aleksw/NTNU/First_Year/DDS/Project/tfe4141_rsa_integration_kit_2020_quad_core/RSA_accelerator/testbench/rsa_accelerator_tb.vhd
Note: DRIVE NEW MSGIN_DATA[0001] RTL: 08F9BAF32E8505CBC9A28FED4D5791DCE46508C3D1636232BF91F5D0B6632A9F
Time: 84 ns  Iteration: 1  Process: /rsa_accelerator_tb/msgin_bfm  File: /home/aleksw/NTNU/First_Year/DDS/Project/tfe4141_rsa_integration_kit_2020_quad_core/RSA_accelerator/testbench/rsa_accelerator_tb.vhd
Note: DRIVE NEW MSGIN_DATA[0002] RTL: 81CA80617856C964E2F92DDE82841CC7CE81210F56BF18A32D2EE2ADA64586D6
Time: 132 ns  Iteration: 1  Process: /rsa_accelerator_tb/msgin_bfm  File: /home/aleksw/NTNU/First_Year/DDS/Project/tfe4141_rsa_integration_kit_2020_quad_core/RSA_accelerator/testbench/rsa_accelerator_tb.vhd
Note: DRIVE NEW MSGIN_DATA[0003] RTL: 805974EFD1C6E0D32AD06D3F86168D991B6DE12371BE881E903C562C2EBEDE8E
Time: 216 ns  Iteration: 1  Process: /rsa_accelerator_tb/msgin_bfm  File: /home/aleksw/NTNU/First_Year/DDS/Project/tfe4141_rsa_integration_kit_2020_quad_core/RSA_accelerator/testbench/rsa_accelerator_tb.vhd
Note: DRIVE NEW MSGIN_DATA[0004] RTL: 542D2D11FADFEA7FF5C886164051E8F8B1EFA9AA844412F3A36088F2F60C42E9
Time: 288 ns  Iteration: 1  Process: /rsa_accelerator_tb/msgin_bfm  File: /home/aleksw/NTNU/First_Year/DDS/Project/tfe4141_rsa_integration_kit_2020_quad_core/RSA_accelerator/testbench/rsa_accelerator_tb.vhd
Note: COMPARE MSGOUT_DATA[0000] RTL: 0A23232323232323232323232323232323232323232323232323232323232323   EXPECTED: 0A23232323232323232323232323232323232323232323232323232323232323
Time: 835068 ns  Iteration: 1  Process: /rsa_accelerator_tb/msgout_bfm  File: /home/aleksw/NTNU/First_Year/DDS/Project/tfe4141_rsa_integration_kit_2020_quad_core/RSA_accelerator/testbench/rsa_accelerator_tb.vhd
Note: DRIVE NEW MSGIN_DATA[0005] RTL: 1C6A9B8EC4485BD5A460E171A1F6723680599CFB58315B9C8CE213B0A81EF034
Time: 835104 ns  Iteration: 1  Process: /rsa_accelerator_tb/msgin_bfm  File: /home/aleksw/NTNU/First_Year/DDS/Project/tfe4141_rsa_integration_kit_2020_quad_core/RSA_accelerator/testbench/rsa_accelerator_tb.vhd
Note: COMPARE MSGOUT_DATA[0001] RTL: 0A232020207478742E6E695F307470203A2020202020202020202020454D414E   EXPECTED: 0A232020207478742E6E695F307470203A2020202020202020202020454D414E
Time: 835128 ns  Iteration: 1  Process: /rsa_accelerator_tb/msgout_bfm  File: /home/aleksw/NTNU/First_Year/DDS/Project/tfe4141_rsa_integration_kit_2020_quad_core/RSA_accelerator/testbench/rsa_accelerator_tb.vhd
Note: COMPARE MSGOUT_DATA[0002] RTL: 0A2320202020202020202020203336203A2020544E554F43204547415353454D   EXPECTED: 0A2320202020202020202020203336203A2020544E554F43204547415353454D
Time: 835176 ns  Iteration: 1  Process: /rsa_accelerator_tb/msgout_bfm  File: /home/aleksw/NTNU/First_Year/DDS/Project/tfe4141_rsa_integration_kit_2020_quad_core/RSA_accelerator/testbench/rsa_accelerator_tb.vhd
Warning: msgin_last/msgout_last mismatch
Time: 835176 ns  Iteration: 1  Process: /rsa_accelerator_tb/msgout_bfm  File: /home/aleksw/NTNU/First_Year/DDS/Project/tfe4141_rsa_integration_kit_2020_quad_core/RSA_accelerator/testbench/rsa_accelerator_tb.vhd
Note: DRIVE NEW MSGIN_DATA[0006] RTL: 37D3504D313113543F1D7E6F998896FBDEAA8BD6FCC35E524988243E8A1D01F0
Time: 835188 ns  Iteration: 1  Process: /rsa_accelerator_tb/msgin_bfm  File: /home/aleksw/NTNU/First_Year/DDS/Project/tfe4141_rsa_integration_kit_2020_quad_core/RSA_accelerator/testbench/rsa_accelerator_tb.vhd
Note: DRIVE NEW MSGIN_DATA[0007] RTL: 6772DD02155F2FFE66CE467C3834B7E9982128043B1BF818AC87A5FBC15F4B30
Time: 835224 ns  Iteration: 1  Process: /rsa_accelerator_tb/msgin_bfm  File: /home/aleksw/NTNU/First_Year/DDS/Project/tfe4141_rsa_integration_kit_2020_quad_core/RSA_accelerator/testbench/rsa_accelerator_tb.vhd
Note: COMPARE MSGOUT_DATA[0003] RTL: 0A2320202020202020202041307830203A464C20726F662065646F6320786548   EXPECTED: 0A2320202020202020202041307830203A464C20726F662065646F6320786548
Time: 835248 ns  Iteration: 1  Process: /rsa_accelerator_tb/msgout_bfm  File: /home/aleksw/NTNU/First_Year/DDS/Project/tfe4141_rsa_integration_kit_2020_quad_core/RSA_accelerator/testbench/rsa_accelerator_tb.vhd
Warning: msgin_last/msgout_last mismatch
Time: 835248 ns  Iteration: 1  Process: /rsa_accelerator_tb/msgout_bfm  File: /home/aleksw/NTNU/First_Year/DDS/Project/tfe4141_rsa_integration_kit_2020_quad_core/RSA_accelerator/testbench/rsa_accelerator_tb.vhd
Note: DRIVE NEW MSGIN_DATA[0008] RTL: 8AEDE2A68974E6FFC52EA148B56F99DBCF771969CA364967BB7A84E13C37554A
Time: 835284 ns  Iteration: 1  Process: /rsa_accelerator_tb/msgin_bfm  File: /home/aleksw/NTNU/First_Year/DDS/Project/tfe4141_rsa_integration_kit_2020_quad_core/RSA_accelerator/testbench/rsa_accelerator_tb.vhd
Note: COMPARE MSGOUT_DATA[0004] RTL: 0A2320202020202020202033327830203A202320726F662065646F6320786548   EXPECTED: 0A2320202020202020202033327830203A202320726F662065646F6320786548
Time: 1670076 ns  Iteration: 1  Process: /rsa_accelerator_tb/msgout_bfm  File: /home/aleksw/NTNU/First_Year/DDS/Project/tfe4141_rsa_integration_kit_2020_quad_core/RSA_accelerator/testbench/rsa_accelerator_tb.vhd
Note: DRIVE NEW MSGIN_DATA[0009] RTL: 2236ABF909ABF08DD547F4BA36A2BAB7295061C209467C9DB48CECC982D581D4
Time: 1670100 ns  Iteration: 1  Process: /rsa_accelerator_tb/msgin_bfm  File: /home/aleksw/NTNU/First_Year/DDS/Project/tfe4141_rsa_integration_kit_2020_quad_core/RSA_accelerator/testbench/rsa_accelerator_tb.vhd
Note: COMPARE MSGOUT_DATA[0005] RTL: 0A23202020202020202020202020202020202020202020202020202020202020   EXPECTED: 0A23202020202020202020202020202020202020202020202020202020202020
Time: 1670136 ns  Iteration: 1  Process: /rsa_accelerator_tb/msgout_bfm  File: /home/aleksw/NTNU/First_Year/DDS/Project/tfe4141_rsa_integration_kit_2020_quad_core/RSA_accelerator/testbench/rsa_accelerator_tb.vhd
Note: DRIVE NEW MSGIN_DATA[000A] RTL: 197EA245F3DABBDF79A03EEF6729C01FED65FE0D76874806F2715DCBCC433475
Time: 1670160 ns  Iteration: 1  Process: /rsa_accelerator_tb/msgin_bfm  File: /home/aleksw/NTNU/First_Year/DDS/Project/tfe4141_rsa_integration_kit_2020_quad_core/RSA_accelerator/testbench/rsa_accelerator_tb.vhd
Note: COMPARE MSGOUT_DATA[0006] RTL: 0A232020202020202020202020205F5F5F5F5F5F5F5F5F202020202020202020   EXPECTED: 0A232020202020202020202020205F5F5F5F5F5F5F5F5F202020202020202020
Time: 1670232 ns  Iteration: 1  Process: /rsa_accelerator_tb/msgout_bfm  File: /home/aleksw/NTNU/First_Year/DDS/Project/tfe4141_rsa_integration_kit_2020_quad_core/RSA_accelerator/testbench/rsa_accelerator_tb.vhd
Warning: msgin_last/msgout_last mismatch
Time: 1670232 ns  Iteration: 1  Process: /rsa_accelerator_tb/msgout_bfm  File: /home/aleksw/NTNU/First_Year/DDS/Project/tfe4141_rsa_integration_kit_2020_quad_core/RSA_accelerator/testbench/rsa_accelerator_tb.vhd
Note: DRIVE NEW MSGIN_DATA[000B] RTL: 82846E59D9B58A538A921FD6533A6925AE74E7555CEB598DE96A2C6E0F1F1A6C
Time: 1670280 ns  Iteration: 1  Process: /rsa_accelerator_tb/msgin_bfm  File: /home/aleksw/NTNU/First_Year/DDS/Project/tfe4141_rsa_integration_kit_2020_quad_core/RSA_accelerator/testbench/rsa_accelerator_tb.vhd
Note: COMPARE MSGOUT_DATA[0007] RTL: 0A232020202020202020202020202F5F5F2020205F5F5C7C2F20202020205C7C   EXPECTED: 0A232020202020202020202020202F5F5F2020205F5F5C7C2F20202020205C7C
Time: 1670304 ns  Iteration: 1  Process: /rsa_accelerator_tb/msgout_bfm  File: /home/aleksw/NTNU/First_Year/DDS/Project/tfe4141_rsa_integration_kit_2020_quad_core/RSA_accelerator/testbench/rsa_accelerator_tb.vhd
Warning: msgin_last/msgout_last mismatch
Time: 1670304 ns  Iteration: 1  Process: /rsa_accelerator_tb/msgout_bfm  File: /home/aleksw/NTNU/First_Year/DDS/Project/tfe4141_rsa_integration_kit_2020_quad_core/RSA_accelerator/testbench/rsa_accelerator_tb.vhd
Note: DRIVE NEW MSGIN_DATA[000C] RTL: 5E0FC7527F87CBC54888540A8DD753440D59024A799BA14D5ACF056047845022
Time: 1670340 ns  Iteration: 1  Process: /rsa_accelerator_tb/msgin_bfm  File: /home/aleksw/NTNU/First_Year/DDS/Project/tfe4141_rsa_integration_kit_2020_quad_core/RSA_accelerator/testbench/rsa_accelerator_tb.vhd
Note: COMPARE MSGOUT_DATA[0008] RTL: 0A232020202020202020202020202020202820292020207C202820202029207C   EXPECTED: 0A232020202020202020202020202020202820292020207C202820202029207C
Time: 2505108 ns  Iteration: 1  Process: /rsa_accelerator_tb/msgout_bfm  File: /home/aleksw/NTNU/First_Year/DDS/Project/tfe4141_rsa_integration_kit_2020_quad_core/RSA_accelerator/testbench/rsa_accelerator_tb.vhd
Note: COMPARE MSGOUT_DATA[0009] RTL: 0A232020202020202020202020202020207C207C2020207C20295F5F5F28207C   EXPECTED: 0A232020202020202020202020202020207C207C2020207C20295F5F5F28207C
Time: 2505144 ns  Iteration: 1  Process: /rsa_accelerator_tb/msgout_bfm  File: /home/aleksw/NTNU/First_Year/DDS/Project/tfe4141_rsa_integration_kit_2020_quad_core/RSA_accelerator/testbench/rsa_accelerator_tb.vhd
Note: DRIVE NEW MSGIN_DATA[000D] RTL: 042D11DA2934553FF58B3DD055E997234C51C95AFEBB6CCD445A8A963961E438
Time: 2505156 ns  Iteration: 1  Process: /rsa_accelerator_tb/msgin_bfm  File: /home/aleksw/NTNU/First_Year/DDS/Project/tfe4141_rsa_integration_kit_2020_quad_core/RSA_accelerator/testbench/rsa_accelerator_tb.vhd
Note: DRIVE NEW MSGIN_DATA[000E] RTL: 250190D992A01C348BE633ECCDCAE3152A01B464E89C6C33CF02DA0B0C0158C5
Time: 2505216 ns  Iteration: 1  Process: /rsa_accelerator_tb/msgin_bfm  File: /home/aleksw/NTNU/First_Year/DDS/Project/tfe4141_rsa_integration_kit_2020_quad_core/RSA_accelerator/testbench/rsa_accelerator_tb.vhd
Note: COMPARE MSGOUT_DATA[000A] RTL: 0A232020202020202020202020202020207C207C2020207C20205F5F5F20207C   EXPECTED: 0A232020202020202020202020202020207C207C2020207C20205F5F5F20207C
Time: 2505240 ns  Iteration: 1  Process: /rsa_accelerator_tb/msgout_bfm  File: /home/aleksw/NTNU/First_Year/DDS/Project/tfe4141_rsa_integration_kit_2020_quad_core/RSA_accelerator/testbench/rsa_accelerator_tb.vhd
Warning: msgin_last/msgout_last mismatch
Time: 2505240 ns  Iteration: 1  Process: /rsa_accelerator_tb/msgout_bfm  File: /home/aleksw/NTNU/First_Year/DDS/Project/tfe4141_rsa_integration_kit_2020_quad_core/RSA_accelerator/testbench/rsa_accelerator_tb.vhd
Note: DRIVE NEW MSGIN_DATA[000F] RTL: 28EA16BC81C5DCF4D331AE38745956B83559D38F47BB519D17AF40381F87FD1F
Time: 2505264 ns  Iteration: 1  Process: /rsa_accelerator_tb/msgin_bfm  File: /home/aleksw/NTNU/First_Year/DDS/Project/tfe4141_rsa_integration_kit_2020_quad_core/RSA_accelerator/testbench/rsa_accelerator_tb.vhd
Note: COMPARE MSGOUT_DATA[000B] RTL: 0A232020202020202020202020202020207C207C2020207C202920202028207C   EXPECTED: 0A232020202020202020202020202020207C207C2020207C202920202028207C
Time: 2505312 ns  Iteration: 1  Process: /rsa_accelerator_tb/msgout_bfm  File: /home/aleksw/NTNU/First_Year/DDS/Project/tfe4141_rsa_integration_kit_2020_quad_core/RSA_accelerator/testbench/rsa_accelerator_tb.vhd
Warning: msgin_last/msgout_last mismatch
Time: 2505312 ns  Iteration: 1  Process: /rsa_accelerator_tb/msgout_bfm  File: /home/aleksw/NTNU/First_Year/DDS/Project/tfe4141_rsa_integration_kit_2020_quad_core/RSA_accelerator/testbench/rsa_accelerator_tb.vhd
Note: DRIVE NEW MSGIN_DATA[0010] RTL: 5AC38123A5395FC89CC3D3240375B8542B3FCBC6F7AF0734B25EAE00F0C1618A
Time: 2505360 ns  Iteration: 1  Process: /rsa_accelerator_tb/msgin_bfm  File: /home/aleksw/NTNU/First_Year/DDS/Project/tfe4141_rsa_integration_kit_2020_quad_core/RSA_accelerator/testbench/rsa_accelerator_tb.vhd
Note: COMPARE MSGOUT_DATA[000C] RTL: 0A23202020202020202020205F205F5F5F2820295F5F5F7C202820202029207C   EXPECTED: 0A23202020202020202020205F205F5F5F2820295F5F5F7C202820202029207C
Time: 3340116 ns  Iteration: 1  Process: /rsa_accelerator_tb/msgout_bfm  File: /home/aleksw/NTNU/First_Year/DDS/Project/tfe4141_rsa_integration_kit_2020_quad_core/RSA_accelerator/testbench/rsa_accelerator_tb.vhd
Note: DRIVE NEW MSGIN_DATA[0011] RTL: 95620191F54510932D68FF3D6B2896747270EC937DC51152EC5026C21675B088
Time: 3340164 ns  Iteration: 1  Process: /rsa_accelerator_tb/msgin_bfm  File: /home/aleksw/NTNU/First_Year/DDS/Project/tfe4141_rsa_integration_kit_2020_quad_core/RSA_accelerator/testbench/rsa_accelerator_tb.vhd
Note: COMPARE MSGOUT_DATA[000D] RTL: 0A232020202020202020202920282F5F5F5F5F5F5F5F5C7C5C20202020202F7C   EXPECTED: 0A232020202020202020202920282F5F5F5F5F5F5F5F5C7C5C20202020202F7C
Time: 3340176 ns  Iteration: 1  Process: /rsa_accelerator_tb/msgout_bfm  File: /home/aleksw/NTNU/First_Year/DDS/Project/tfe4141_rsa_integration_kit_2020_quad_core/RSA_accelerator/testbench/rsa_accelerator_tb.vhd
Note: DRIVE NEW MSGIN_DATA[0012] RTL: 83D734656783D98A6467C45CFD0FB48BCBCD0BE3AB4816907AFF2F5333224A1E
Time: 3340212 ns  Iteration: 1  Process: /rsa_accelerator_tb/msgin_bfm  File: /home/aleksw/NTNU/First_Year/DDS/Project/tfe4141_rsa_integration_kit_2020_quad_core/RSA_accelerator/testbench/rsa_accelerator_tb.vhd
Note: COMPARE MSGOUT_DATA[000E] RTL: 0A23202020202020202020202F7C202020202020202020202020202020202020   EXPECTED: 0A23202020202020202020202F7C202020202020202020202020202020202020
Time: 3340248 ns  Iteration: 1  Process: /rsa_accelerator_tb/msgout_bfm  File: /home/aleksw/NTNU/First_Year/DDS/Project/tfe4141_rsa_integration_kit_2020_quad_core/RSA_accelerator/testbench/rsa_accelerator_tb.vhd
Warning: msgin_last/msgout_last mismatch
Time: 3340248 ns  Iteration: 1  Process: /rsa_accelerator_tb/msgout_bfm  File: /home/aleksw/NTNU/First_Year/DDS/Project/tfe4141_rsa_integration_kit_2020_quad_core/RSA_accelerator/testbench/rsa_accelerator_tb.vhd
Note: DRIVE NEW MSGIN_DATA[0013] RTL: 95A4FADCEBA25359E016C9C10E0673FE3F10C8022D551D2225A9ABA56EA2C8F0
Time: 3340308 ns  Iteration: 1  Process: /rsa_accelerator_tb/msgin_bfm  File: /home/aleksw/NTNU/First_Year/DDS/Project/tfe4141_rsa_integration_kit_2020_quad_core/RSA_accelerator/testbench/rsa_accelerator_tb.vhd
Note: COMPARE MSGOUT_DATA[000F] RTL: 0A23202020202020202020202020205F5F5F5F5F5F5F20202020202020202020   EXPECTED: 0A23202020202020202020202020205F5F5F5F5F5F5F20202020202020202020
Time: 3340344 ns  Iteration: 1  Process: /rsa_accelerator_tb/msgout_bfm  File: /home/aleksw/NTNU/First_Year/DDS/Project/tfe4141_rsa_integration_kit_2020_quad_core/RSA_accelerator/testbench/rsa_accelerator_tb.vhd
Warning: msgin_last/msgout_last mismatch
Time: 3340344 ns  Iteration: 1  Process: /rsa_accelerator_tb/msgout_bfm  File: /home/aleksw/NTNU/First_Year/DDS/Project/tfe4141_rsa_integration_kit_2020_quad_core/RSA_accelerator/testbench/rsa_accelerator_tb.vhd
Note: DRIVE NEW MSGIN_DATA[0014] RTL: 68B34D4943E3685498AD76A1537B2F263C097860016E525F6EA5D68A6C1264DF
Time: 3340392 ns  Iteration: 1  Process: /rsa_accelerator_tb/msgin_bfm  File: /home/aleksw/NTNU/First_Year/DDS/Project/tfe4141_rsa_integration_kit_2020_quad_core/RSA_accelerator/testbench/rsa_accelerator_tb.vhd
