INFO: [VRFC 10-163] Analyzing VHDL file "/home/aleksw/NTNU/First_Year/DDS/Project/number 3/tfe4141_rsa_integration_kit_2020/tfe4141_rsa_integration_kit_2020/Exponentiation/source/MonPro.vhd" into library xil_defaultlib
INFO: [VRFC 10-3107] analyzing entity 'MonPro'
INFO: [VRFC 10-163] Analyzing VHDL file "/home/aleksw/NTNU/First_Year/DDS/Project/number 3/tfe4141_rsa_integration_kit_2020/tfe4141_rsa_integration_kit_2020/Exponentiation/source/exponentiation.vhd" into library xil_defaultlib
INFO: [VRFC 10-3107] analyzing entity 'exponentiation'
INFO: [VRFC 10-163] Analyzing VHDL file "/home/aleksw/NTNU/First_Year/DDS/Project/number 3/tfe4141_rsa_integration_kit_2020/tfe4141_rsa_integration_kit_2020/RSA_accelerator/source/rsa_core.vhd" into library xil_defaultlib
INFO: [VRFC 10-3107] analyzing entity 'RSA_Core'
INFO: [VRFC 10-163] Analyzing VHDL file "/home/aleksw/NTNU/First_Year/DDS/Project/number 3/tfe4141_rsa_integration_kit_2020/tfe4141_rsa_integration_kit_2020/Exponentiation/source/CompressorMultiBit_4to2.vhd" into library xil_defaultlib
INFO: [VRFC 10-3107] analyzing entity 'CompressorMultiBit_4to2'
INFO: [VRFC 10-163] Analyzing VHDL file "/home/aleksw/NTNU/First_Year/DDS/Project/number 3/tfe4141_rsa_integration_kit_2020/tfe4141_rsa_integration_kit_2020/Exponentiation/source/CompressorSimple_4to2.vhd" into library xil_defaultlib
INFO: [VRFC 10-3107] analyzing entity 'CompressorSimple_4to2'
INFO: [VRFC 10-163] Analyzing VHDL file "/home/aleksw/NTNU/First_Year/DDS/Project/number 3/tfe4141_rsa_integration_kit_2020/tfe4141_rsa_integration_kit_2020/Exponentiation/source/FullAdder.vhd" into library xil_defaultlib
INFO: [VRFC 10-3107] analyzing entity 'Full_Adder'
INFO: [VRFC 10-163] Analyzing VHDL file "/home/aleksw/NTNU/First_Year/DDS/Project/number 3/tfe4141_rsa_integration_kit_2020/tfe4141_rsa_integration_kit_2020/Exponentiation/source/KoggeStoneAdder.vhd" into library xil_defaultlib
INFO: [VRFC 10-3107] analyzing entity 'KoggeStoneAdder'
INFO: [VRFC 10-163] Analyzing VHDL file "/home/aleksw/NTNU/First_Year/DDS/Project/number 3/tfe4141_rsa_integration_kit_2020/tfe4141_rsa_integration_kit_2020/Exponentiation/source/carry_operation.vhd" into library xil_defaultlib
INFO: [VRFC 10-3107] analyzing entity 'carry_operation'
INFO: [VRFC 10-163] Analyzing VHDL file "/home/aleksw/NTNU/First_Year/DDS/Project/number 3/tfe4141_rsa_integration_kit_2020/tfe4141_rsa_integration_kit_2020/Exponentiation/source/gp_generator.vhd" into library xil_defaultlib
INFO: [VRFC 10-3107] analyzing entity 'gp_generator'
INFO: [VRFC 10-163] Analyzing VHDL file "/home/aleksw/NTNU/First_Year/DDS/Project/number 3/tfe4141_rsa_integration_kit_2020/tfe4141_rsa_integration_kit_2020/RSA_accelerator/testbench/rsa_accelerator_tb.vhd" into library xil_defaultlib
INFO: [VRFC 10-3107] analyzing entity 'rsa_accelerator_tb'
