Vivado Simulator 2019.2
Time resolution is 1 ps
Note: ********************************************************************************
Time: 24 ns  Iteration: 1  Process: /rsa_accelerator_tb/testcase_control  File: /home/aleksw/NTNU/First_Year/DDS/Project/number 3/tfe4141_rsa_integration_kit_2020/tfe4141_rsa_integration_kit_2020/RSA_accelerator/testbench/rsa_accelerator_tb.vhd
Note: STARTING NEW TESTCASE
Time: 24 ns  Iteration: 1  Process: /rsa_accelerator_tb/testcase_control  File: /home/aleksw/NTNU/First_Year/DDS/Project/number 3/tfe4141_rsa_integration_kit_2020/tfe4141_rsa_integration_kit_2020/RSA_accelerator/testbench/rsa_accelerator_tb.vhd
Note: ********************************************************************************
Time: 24 ns  Iteration: 1  Process: /rsa_accelerator_tb/testcase_control  File: /home/aleksw/NTNU/First_Year/DDS/Project/number 3/tfe4141_rsa_integration_kit_2020/tfe4141_rsa_integration_kit_2020/RSA_accelerator/testbench/rsa_accelerator_tb.vhd
Note: DRIVE NEW MSGIN_DATA[0000] RTL: 0A23232323232323232323232323232323232323232323232323232323232323
Time: 48 ns  Iteration: 1  Process: /rsa_accelerator_tb/msgin_bfm  File: /home/aleksw/NTNU/First_Year/DDS/Project/number 3/tfe4141_rsa_integration_kit_2020/tfe4141_rsa_integration_kit_2020/RSA_accelerator/testbench/rsa_accelerator_tb.vhd
Note: DRIVE NEW MSGIN_DATA[0001] RTL: 0A232020207478742E6E695F307470203A2020202020202020202020454D414E
Time: 72 ns  Iteration: 1  Process: /rsa_accelerator_tb/msgin_bfm  File: /home/aleksw/NTNU/First_Year/DDS/Project/number 3/tfe4141_rsa_integration_kit_2020/tfe4141_rsa_integration_kit_2020/RSA_accelerator/testbench/rsa_accelerator_tb.vhd
Note: COMPARE MSGOUT_DATA[0000] RTL: 85EE722363960779206A2B37CC8B64B5FC12A934473FA0204BBAAF714BC90C01   EXPECTED: 85EE722363960779206A2B37CC8B64B5FC12A934473FA0204BBAAF714BC90C01
Time: 805188 ns  Iteration: 1  Process: /rsa_accelerator_tb/msgout_bfm  File: /home/aleksw/NTNU/First_Year/DDS/Project/number 3/tfe4141_rsa_integration_kit_2020/tfe4141_rsa_integration_kit_2020/RSA_accelerator/testbench/rsa_accelerator_tb.vhd
Note: DRIVE NEW MSGIN_DATA[0002] RTL: 0A2320202020202020202020203336203A2020544E554F43204547415353454D
Time: 805212 ns  Iteration: 1  Process: /rsa_accelerator_tb/msgin_bfm  File: /home/aleksw/NTNU/First_Year/DDS/Project/number 3/tfe4141_rsa_integration_kit_2020/tfe4141_rsa_integration_kit_2020/RSA_accelerator/testbench/rsa_accelerator_tb.vhd
Note: COMPARE MSGOUT_DATA[0001] RTL: 08F9BAF32E8505CBC9A28FED4D5791DCE46508C3D1636232BF91F5D0B6632A9F   EXPECTED: 08F9BAF32E8505CBC9A28FED4D5791DCE46508C3D1636232BF91F5D0B6632A9F
Time: 1610328 ns  Iteration: 1  Process: /rsa_accelerator_tb/msgout_bfm  File: /home/aleksw/NTNU/First_Year/DDS/Project/number 3/tfe4141_rsa_integration_kit_2020/tfe4141_rsa_integration_kit_2020/RSA_accelerator/testbench/rsa_accelerator_tb.vhd
Note: DRIVE NEW MSGIN_DATA[0003] RTL: 0A2320202020202020202041307830203A464C20726F662065646F6320786548
Time: 1610388 ns  Iteration: 1  Process: /rsa_accelerator_tb/msgin_bfm  File: /home/aleksw/NTNU/First_Year/DDS/Project/number 3/tfe4141_rsa_integration_kit_2020/tfe4141_rsa_integration_kit_2020/RSA_accelerator/testbench/rsa_accelerator_tb.vhd
Note: COMPARE MSGOUT_DATA[0002] RTL: 81CA80617856C964E2F92DDE82841CC7CE81210F56BF18A32D2EE2ADA64586D6   EXPECTED: 81CA80617856C964E2F92DDE82841CC7CE81210F56BF18A32D2EE2ADA64586D6
Time: 2415468 ns  Iteration: 1  Process: /rsa_accelerator_tb/msgout_bfm  File: /home/aleksw/NTNU/First_Year/DDS/Project/number 3/tfe4141_rsa_integration_kit_2020/tfe4141_rsa_integration_kit_2020/RSA_accelerator/testbench/rsa_accelerator_tb.vhd
Note: DRIVE NEW MSGIN_DATA[0004] RTL: 0A2320202020202020202033327830203A202320726F662065646F6320786548
Time: 2415528 ns  Iteration: 1  Process: /rsa_accelerator_tb/msgin_bfm  File: /home/aleksw/NTNU/First_Year/DDS/Project/number 3/tfe4141_rsa_integration_kit_2020/tfe4141_rsa_integration_kit_2020/RSA_accelerator/testbench/rsa_accelerator_tb.vhd
Note: COMPARE MSGOUT_DATA[0003] RTL: 805974EFD1C6E0D32AD06D3F86168D991B6DE12371BE881E903C562C2EBEDE8E   EXPECTED: 805974EFD1C6E0D32AD06D3F86168D991B6DE12371BE881E903C562C2EBEDE8E
Time: 3220632 ns  Iteration: 1  Process: /rsa_accelerator_tb/msgout_bfm  File: /home/aleksw/NTNU/First_Year/DDS/Project/number 3/tfe4141_rsa_integration_kit_2020/tfe4141_rsa_integration_kit_2020/RSA_accelerator/testbench/rsa_accelerator_tb.vhd
Note: DRIVE NEW MSGIN_DATA[0005] RTL: 0A23202020202020202020202020202020202020202020202020202020202020
Time: 3220668 ns  Iteration: 1  Process: /rsa_accelerator_tb/msgin_bfm  File: /home/aleksw/NTNU/First_Year/DDS/Project/number 3/tfe4141_rsa_integration_kit_2020/tfe4141_rsa_integration_kit_2020/RSA_accelerator/testbench/rsa_accelerator_tb.vhd
Note: COMPARE MSGOUT_DATA[0004] RTL: 542D2D11FADFEA7FF5C886164051E8F8B1EFA9AA844412F3A36088F2F60C42E9   EXPECTED: 542D2D11FADFEA7FF5C886164051E8F8B1EFA9AA844412F3A36088F2F60C42E9
Time: 4025784 ns  Iteration: 1  Process: /rsa_accelerator_tb/msgout_bfm  File: /home/aleksw/NTNU/First_Year/DDS/Project/number 3/tfe4141_rsa_integration_kit_2020/tfe4141_rsa_integration_kit_2020/RSA_accelerator/testbench/rsa_accelerator_tb.vhd
Note: DRIVE NEW MSGIN_DATA[0006] RTL: 0A232020202020202020202020205F5F5F5F5F5F5F5F5F202020202020202020
Time: 4025844 ns  Iteration: 1  Process: /rsa_accelerator_tb/msgin_bfm  File: /home/aleksw/NTNU/First_Year/DDS/Project/number 3/tfe4141_rsa_integration_kit_2020/tfe4141_rsa_integration_kit_2020/RSA_accelerator/testbench/rsa_accelerator_tb.vhd
