Vivado Simulator 2019.2
Copyright 1986-1999, 2001-2019 Xilinx, Inc. All Rights Reserved.
Running: /home/aleksw/Apps/Xilinx/Vivado/2019.2/bin/unwrapped/lnx64.o/xelab -wto 9c7bceac52a94976838f5b8de8a2005b --incr --debug typical --relax --mt 8 -L xil_defaultlib -L secureip --snapshot RSA_accelerator_tb_behav xil_defaultlib.RSA_accelerator_tb -log elaborate.log 
Using 8 slave threads.
Starting static elaboration
Completed static elaboration
Starting simulation data flow analysis
Completed simulation data flow analysis
Time Resolution for simulation is 1ps
Compiling package std.standard
Compiling package std.textio
Compiling package ieee.std_logic_1164
Compiling package ieee.math_real
Compiling package ieee.numeric_std
Compiling architecture dataflow of entity xil_defaultlib.Full_Adder [full_adder_default]
Compiling architecture structural of entity xil_defaultlib.CompressorSimple_4to2 [compressorsimple_4to2_default]
Compiling architecture dataflow of entity xil_defaultlib.CompressorMultiBit_4to2 [\CompressorMultiBit_4to2(bit_wid...]
Compiling architecture behavioral of entity xil_defaultlib.gp_generator [gp_generator_default]
Compiling architecture behavioral of entity xil_defaultlib.carry_operation [carry_operation_default]
Compiling architecture behavioral of entity xil_defaultlib.KoggeStoneAdder [koggestoneadder_default]
Compiling architecture structural of entity xil_defaultlib.MonPro [monpro_default]
Compiling architecture expbehave of entity xil_defaultlib.exponentiation [exponentiation_default]
Compiling architecture behavioral of entity xil_defaultlib.RSA_Core [rsa_core_default]
Compiling architecture struct of entity xil_defaultlib.rsa_accelerator_tb
Built simulation snapshot RSA_accelerator_tb_behav
