********************************************************************************
* Unified simulation Tcl App stack trace dump
*
* File: .usf.tcl_error.log (Sun Nov 15 17:32:56 2020)
*
* This file is generated by the unified simulation automation and contains the
* tcl stack trace of error returned by the simulator App for the current run.
*
********************************************************************************
1
    while executing
"catch {rdi::run_program $scr_file} error_log"
    invoked from within
"if {[catch {rdi::run_program $scr_file} error_log]} {
        set faulty_run 1
      }"
    ("compile" arm line 3)
    invoked from within
"switch $step {
    {compile} -
    {elaborate} {
      set start_time [clock seconds]
      if {[catch {rdi::run_program $scr_file} error_log]} {
    ..."
    (procedure "::tclapp::xilinx::xsim::usf_launch_script" line 36)
    invoked from within
"::tclapp::xilinx::xsim::usf_launch_script "xsim" $step"
    (procedure "tclapp::xilinx::xsim::compile" line 13)
    invoked from within
"tclapp::xilinx::xsim::compile { -simset sim_1 -mode behavioral -run_dir /home/aleksw/NTNU/First_Year/DDS/Project/Components/CSA_multiplier_V2/CSA_mult..."
